<?xml version="1.0" encoding="UTF-8"?>
<!-- Generated by org.testng.reporters.JUnitXMLReporter -->
<testsuite hostname="LAPTOP-7VNC4V5A" ignored="2" name="Surefire test" tests="1" failures="0" timestamp="2020-03-21T17:26:36 GMT" time="35.245" errors="0">
  <testcase name="userShouldAbleToChangeCurrency" time="5.696" classname="com.nopcommerce.TestSuite"/>
  <testcase name="@AfterTest closeBrowser" time="0.0" classname="com.nopcommerce.BaseTest">
    <ignored/>
  </testcase> <!-- @AfterTest closeBrowser -->
  <testcase name="@BeforeTest openBrowser" time="0.0" classname="com.nopcommerce.BaseTest">
    <ignored/>
  </testcase> <!-- @BeforeTest openBrowser -->
</testsuite> <!-- Surefire test -->
