<?xml version="1.0" encoding="UTF-8"?>
<testng-results skipped="0" failed="0" ignored="2" total="3" passed="1">
  <reporter-output>
  </reporter-output>
  <suite name="Surefire suite" duration-ms="35245" started-at="2020-03-21T17:26:00 GMT" finished-at="2020-03-21T17:26:35 GMT">
    <groups>
    </groups>
    <test name="Surefire test" duration-ms="35245" started-at="2020-03-21T17:26:00 GMT" finished-at="2020-03-21T17:26:35 GMT">
      <class name="com.nopcommerce.TestSuite">
        <test-method status="PASS" signature="userShouldAbleToChangeCurrency()[pri:0, instance:com.nopcommerce.TestSuite@ff5b51f]" name="userShouldAbleToChangeCurrency" duration-ms="5696" started-at="2020-03-21T17:26:24 GMT" finished-at="2020-03-21T17:26:30 GMT">
          <reporter-output>
          </reporter-output>
        </test-method> <!-- userShouldAbleToChangeCurrency -->
      </class> <!-- com.nopcommerce.TestSuite -->
      <class name="com.nopcommerce.BaseTest">
        <test-method status="PASS" signature="openBrowser()[pri:0, instance:com.nopcommerce.BaseTest@1ed4004b]" name="openBrowser" is-config="true" duration-ms="23913" started-at="2020-03-21T17:26:00 GMT" finished-at="2020-03-21T17:26:24 GMT">
          <reporter-output>
          </reporter-output>
        </test-method> <!-- openBrowser -->
        <test-method status="PASS" signature="closeBrowser()[pri:0, instance:com.nopcommerce.BaseTest@1ed4004b]" name="closeBrowser" is-config="true" duration-ms="5556" started-at="2020-03-21T17:26:30 GMT" finished-at="2020-03-21T17:26:35 GMT">
          <reporter-output>
          </reporter-output>
        </test-method> <!-- closeBrowser -->
      </class> <!-- com.nopcommerce.BaseTest -->
    </test> <!-- Surefire test -->
  </suite> <!-- Surefire suite -->
</testng-results>
